#
# A fatal error has been detected by the Java Runtime Environment:
#
#  Internal Error (os_windows_x86.cpp:114), pid=1700, tid=988
#  Error: guarantee(result == -1,"Unexpected result from topLevelExceptionFilter")
#
# JRE version: 6.0_17-b04
# Java VM: Java HotSpot(TM) 64-Bit Server VM (14.3-b01 mixed mode windows-amd64 )
# If you would like to submit a bug report, please visit:
#   http://java.sun.com/webapps/bugreport/crash.jsp
# The crash happened outside the Java Virtual Machine in native code.
# See problematic frame for where to report the bug.
#

---------------  T H R E A D  ---------------

Current thread (0x0000000002041800):  JavaThread "main" [_thread_in_native, id=988, stack(0x0000000000090000,0x0000000001590000)]

Stack: [0x0000000000090000,0x0000000001590000]
[error occurred during error reporting (printing stack bounds), id 0xc0000005]

Java frames: (J=compiled Java code, j=interpreted, Vv=VM code)
j  com.mathworks.jmi.NativeMatlab.ProcessPendingEvents()Z+0
j  com.mathworks.jmi.NativeMatlab.processPendingEvents()Z+8
j  com.mathworks.jmi.Matlab$ProcessPendingEvents.callBooleanMethod(Ljava/lang/Object;)Z+0
j  com.mathworks.util.FactoryUtils.processPendingEvents()Z+12
j  com.mathworks.mde.desk.MLDesktop.canClose()Z+84
j  com.mathworks.mde.desk.MLDesktop$2.call()Ljava/lang/Boolean;+4
j  com.mathworks.mde.desk.MLDesktop$2.call()Ljava/lang/Object;+1
j  com.mathworks.jmi.Matlab.isOkToExit()Z+54
v  ~StubRoutines::call_stub
j  com.mathworks.jmi.NativeMatlab.SendMatlabMessage(Ljava/lang/Object;)Ljava/lang/Object;+0
j  com.mathworks.jmi.NativeMatlab.sendMatlabMessage(Ljava/lang/Object;)Ljava/lang/Object;+22
j  com.mathworks.jmi.MatlabLooper.sendMatlabMessage(Lcom/mathworks/services/message/MWMessage;)Ljava/lang/Object;+20
j  com.mathworks.jmi.Matlab.mtFevalConsoleOutput(Ljava/lang/String;[Ljava/lang/Object;I)Ljava/lang/Object;+58
j  com.mathworks.mde.desk.MLDesktop$8.run()V+14
j  com.mathworks.jmi.NativeMatlab.dispatchMTRequests(Z)V+50
v  ~StubRoutines::call_stub

---------------  P R O C E S S  ---------------

Java Threads: ( => current thread )
  0x0000000033c5f800 JavaThread "Code Analyzer updating thread" [_thread_blocked, id=2848, stack(0x000000000dfc0000,0x000000000e040000)]
  0x0000000033c5e000 JavaThread "Code Analyzer updating thread" [_thread_blocked, id=2464, stack(0x000000000e0c0000,0x000000000e140000)]
  0x0000000033c5c800 JavaThread "Active Reference Queue Daemon" daemon [_thread_blocked, id=604, stack(0x00000000400a0000,0x0000000040120000)]
  0x0000000033c5c000 JavaThread "Timer-10" daemon [_thread_blocked, id=2556, stack(0x000000003ffc0000,0x0000000040040000)]
  0x0000000033c5b000 JavaThread "RequestQueue for GenericFileList" [_thread_blocked, id=3208, stack(0x000000003fed0000,0x000000003ff50000)]
  0x0000000033c59000 JavaThread "Timer-8" daemon [_thread_blocked, id=1228, stack(0x000000003fd10000,0x000000003fd90000)]
  0x000000000fb4f800 JavaThread "Prefs Updater" daemon [_thread_blocked, id=2220, stack(0x000000003e6b0000,0x000000003e730000)]
  0x000000000fd0d000 JavaThread "Timer-1" [_thread_blocked, id=2676, stack(0x0000000033830000,0x00000000338b0000)]
  0x0000000033f6b800 JavaThread "FelixPackageAdmin" daemon [_thread_blocked, id=2020, stack(0x00000000374b0000,0x0000000037530000)]
  0x0000000033d93000 JavaThread "FelixStartLevel" daemon [_thread_blocked, id=3256, stack(0x00000000373d0000,0x0000000037450000)]
  0x0000000033e93800 JavaThread "FelixDispatchQueue" daemon [_thread_blocked, id=2332, stack(0x0000000035830000,0x00000000358b0000)]
  0x0000000033bd9800 JavaThread "TimerQueue" daemon [_thread_blocked, id=3776, stack(0x0000000030550000,0x00000000305d0000)]
  0x000000003372e000 JavaThread "AWT-EventQueue-0" [_thread_blocked, id=216, stack(0x000000002d940000,0x000000002d9c0000)]
  0x0000000033535800 JavaThread "com.google.common.base.internal.Finalizer" daemon [_thread_blocked, id=2028, stack(0x000000002c2f0000,0x000000002c370000)]
  0x0000000033577000 JavaThread "AWT-Windows" daemon [_thread_in_native, id=3404, stack(0x00000000338b0000,0x0000000033930000)]
  0x0000000033526000 JavaThread "AWT-Shutdown" [_thread_blocked, id=2072, stack(0x00000000304d0000,0x0000000030550000)]
  0x0000000033524800 JavaThread "Java2D Disposer" daemon [_thread_blocked, id=2768, stack(0x000000000c080000,0x000000000c100000)]
  0x000000000fd5e000 JavaThread "Timer-0" [_thread_blocked, id=3284, stack(0x000000002c370000,0x000000002c3f0000)]
  0x000000000fc06800 JavaThread "JMI Unnamed Thread" [_thread_in_native, id=512, stack(0x0000000006340000,0x0000000007840000)]
  0x000000000f96d800 JavaThread "Low Memory Detector" daemon [_thread_blocked, id=4000, stack(0x00000000094d0000,0x0000000009550000)]
  0x000000000f962000 JavaThread "CompilerThread1" daemon [_thread_blocked, id=420, stack(0x00000000305d0000,0x0000000031ad0000)]
  0x000000000f95c000 JavaThread "CompilerThread0" daemon [_thread_blocked, id=2240, stack(0x000000002ef30000,0x0000000030430000)]
  0x000000000f95a000 JavaThread "Attach Listener" daemon [_thread_blocked, id=1752, stack(0x000000000fac0000,0x000000000fb40000)]
  0x00000000020f9000 JavaThread "Finalizer" daemon [_thread_blocked, id=2588, stack(0x000000000bfd0000,0x000000000c050000)]
  0x000000000f905000 JavaThread "Reference Handler" daemon [_thread_blocked, id=2736, stack(0x0000000007ee0000,0x0000000007f60000)]
=>0x0000000002041800 JavaThread "main" [_thread_in_native, id=988, stack(0x0000000000090000,0x0000000001590000)]

Other Threads:
  0x000000000f902000 VMThread [stack: 0x000000002d9d0000,0x000000002eed0000] [id=1812]
  0x000000000f999000 WatcherThread [stack: 0x0000000031b30000,0x0000000033030000] [id=1888]

VM state:not at safepoint (normal execution)

VM Mutex/Monitor currently owned by a thread: None

Heap
 PSYoungGen      total 32768K, used 28853K [0x0000000025250000, 0x0000000027880000, 0x0000000028350000)
  eden space 28096K, 89% used [0x0000000025250000,0x0000000026abf738,0x0000000026dc0000)
  from space 4672K, 82% used [0x00000000273f0000,0x00000000277add48,0x0000000027880000)
  to   space 5504K, 0% used [0x0000000026dc0000,0x0000000026dc0000,0x0000000027320000)
 PSOldGen        total 86144K, used 65460K [0x000000001bf50000, 0x0000000021370000, 0x0000000025250000)
  object space 86144K, 75% used [0x000000001bf50000,0x000000001ff3d3f0,0x0000000021370000)
 PSPermGen       total 108864K, used 56640K [0x0000000013f50000, 0x000000001a9a0000, 0x000000001bf50000)
  object space 108864K, 52% used [0x0000000013f50000,0x00000000176a0008,0x000000001a9a0000)

Dynamic libraries:
0x000000013fce0000 - 0x000000013fd09000 	C:\Program Files\MATLAB\R2011a\bin\win64\MATLAB.exe
0x0000000076cd0000 - 0x0000000076e79000 	C:\Windows\SYSTEM32\ntdll.dll
0x0000000076bb0000 - 0x0000000076ccf000 	C:\Windows\system32\kernel32.dll
0x000007fefcf20000 - 0x000007fefcf8b000 	C:\Windows\system32\KERNELBASE.dll
0x0000000074460000 - 0x0000000074569000 	C:\Program Files\MATLAB\R2011a\bin\win64\libut.dll
0x00000000758a0000 - 0x0000000075920000 	C:\Program Files\MATLAB\R2011a\bin\win64\libmwi18n.dll
0x0000000180000000 - 0x000000018000b000 	C:\Program Files\MATLAB\R2011a\bin\win64\libmwresource_core.dll
0x000000006f8e0000 - 0x000000006f9b3000 	C:\Windows\WinSxS\amd64_microsoft.vc90.crt_1fc8b3b9a1e18e3b_9.0.30729.6161_none_08e61857a83bc251\MSVCP90.dll
0x000000006f9c0000 - 0x000000006fa63000 	C:\Windows\WinSxS\amd64_microsoft.vc90.crt_1fc8b3b9a1e18e3b_9.0.30729.6161_none_08e61857a83bc251\MSVCR90.dll
0x000000007a3b0000 - 0x000000007a3c0000 	C:\Program Files\MATLAB\R2011a\bin\win64\boost_date_time-vc90-mt-1_40.dll
0x000000007a170000 - 0x000000007a189000 	C:\Program Files\MATLAB\R2011a\bin\win64\boost_filesystem-vc90-mt-1_40.dll
0x000000007a560000 - 0x000000007a569000 	C:\Program Files\MATLAB\R2011a\bin\win64\boost_system-vc90-mt-1_40.dll
0x000000007a2d0000 - 0x000000007a2e2000 	C:\Program Files\MATLAB\R2011a\bin\win64\boost_thread-vc90-mt-1_40.dll
0x000000007a010000 - 0x000000007a035000 	C:\Program Files\MATLAB\R2011a\bin\win64\LIBEXPAT.dll
0x00000000739d0000 - 0x0000000073b8c000 	C:\Program Files\MATLAB\R2011a\bin\win64\icuin42.dll
0x00000000740b0000 - 0x0000000074223000 	C:\Program Files\MATLAB\R2011a\bin\win64\icuuc42.dll
0x000007fefe550000 - 0x000007fefe62b000 	C:\Windows\system32\ADVAPI32.dll
0x000007fefddf0000 - 0x000007fefde8f000 	C:\Windows\system32\msvcrt.dll
0x000007fefe840000 - 0x000007fefe85f000 	C:\Windows\SYSTEM32\sechost.dll
0x000007fefeb90000 - 0x000007fefecbd000 	C:\Windows\system32\RPCRT4.dll
0x0000000010000000 - 0x0000000010f47000 	C:\Program Files\MATLAB\R2011a\bin\win64\icudt42.dll
0x0000000073f70000 - 0x000000007407d000 	C:\Program Files\MATLAB\R2011a\bin\win64\libmwfl.dll
0x0000000001770000 - 0x0000000001803000 	C:\Program Files\MATLAB\R2011a\bin\win64\libmwMATLAB_res.dll
0x000000007a250000 - 0x000000007a263000 	C:\Program Files\MATLAB\R2011a\bin\win64\boost_signals-vc90-mt-1_40.dll
0x0000000001830000 - 0x0000000001876000 	C:\Program Files\MATLAB\R2011a\bin\win64\tbb.dll
0x000007fefe440000 - 0x000007fefe457000 	C:\Windows\system32\imagehlp.dll
0x0000000076ea0000 - 0x0000000076ea7000 	C:\Windows\system32\PSAPI.DLL
0x000000007a3d0000 - 0x000000007a3e3000 	C:\Program Files\MATLAB\R2011a\bin\win64\icuio42.dll
0x000007fef5880000 - 0x000007fef59a5000 	C:\Windows\system32\dbghelp.dll
0x0000000076ab0000 - 0x0000000076baa000 	C:\Windows\system32\USER32.dll
0x000007fefdd80000 - 0x000007fefdde7000 	C:\Windows\system32\GDI32.dll
0x000007fefef00000 - 0x000007fefef0e000 	C:\Windows\system32\LPK.dll
0x000007fefeac0000 - 0x000007fefeb89000 	C:\Windows\system32\USP10.dll
0x000000007bed0000 - 0x000000007c0f5000 	C:\Program Files\MATLAB\R2011a\bin\win64\libmwservices.dll
0x0000000075a20000 - 0x0000000075ab2000 	C:\Program Files\MATLAB\R2011a\bin\win64\libmx.dll
0x000000007a210000 - 0x000000007a226000 	C:\Program Files\MATLAB\R2011a\bin\win64\zlib1.dll
0x0000000074330000 - 0x000000007444b000 	C:\Program Files\MATLAB\R2011a\bin\win64\libmwmathutil.dll
0x0000000062b70000 - 0x0000000062bc4000 	C:\Program Files\MATLAB\R2011a\bin\win64\mpath.dll
0x000000007b680000 - 0x000000007b982000 	C:\Program Files\MATLAB\R2011a\bin\win64\mlutil.dll
0x00000000626d0000 - 0x0000000062752000 	C:\Program Files\MATLAB\R2011a\bin\win64\xmlcore.dll
0x000000007bc30000 - 0x000000007be83000 	C:\Program Files\MATLAB\R2011a\bin\win64\xerces-c_2_7.dll
0x000007fefe500000 - 0x000007fefe54d000 	C:\Windows\system32\WS2_32.dll
0x000007fefed40000 - 0x000007fefed48000 	C:\Windows\system32\NSI.dll
0x000007fefcff0000 - 0x000007fefdd78000 	C:\Windows\system32\SHELL32.dll
0x000007fefecc0000 - 0x000007fefed31000 	C:\Windows\system32\SHLWAPI.dll
0x000007fef4430000 - 0x000007fef44d0000 	C:\Windows\WinSxS\amd64_microsoft.windows.common-controls_6595b64144ccf1df_5.82.7601.17514_none_a4d6a923711520a9\COMCTL32.dll
0x000007fefef10000 - 0x000007fefefa7000 	C:\Windows\system32\COMDLG32.dll
0x000007fefa810000 - 0x000007fefa826000 	C:\Windows\system32\NETAPI32.dll
0x000007fefa800000 - 0x000007fefa80c000 	C:\Windows\system32\netutils.dll
0x000007fefc830000 - 0x000007fefc853000 	C:\Windows\system32\srvcli.dll
0x000007fefa7e0000 - 0x000007fefa7f5000 	C:\Windows\system32\wkscli.dll
0x000007fefe630000 - 0x000007fefe833000 	C:\Windows\system32\ole32.dll
0x000007fefde90000 - 0x000007fefdf67000 	C:\Windows\system32\OLEAUT32.dll
0x0000000074970000 - 0x0000000074a34000 	C:\Program Files\MATLAB\R2011a\bin\win64\mcr.dll
0x0000000075000000 - 0x00000000750e4000 	C:\Program Files\MATLAB\R2011a\bin\win64\iqm.dll
0x000000005ea00000 - 0x000000005f19c000 	C:\Program Files\MATLAB\R2011a\bin\win64\m_interpreter.dll
0x000000006e270000 - 0x000000006e27f000 	C:\Program Files\MATLAB\R2011a\bin\win64\libmex.dll
0x0000000062620000 - 0x00000000626c4000 	C:\Program Files\MATLAB\R2011a\bin\win64\m_dispatcher.dll
0x0000000074880000 - 0x0000000074945000 	C:\Program Files\MATLAB\R2011a\bin\win64\boost_regex-vc90-mt-1_40.dll
0x0000000062af0000 - 0x0000000062b6f000 	C:\Program Files\MATLAB\R2011a\bin\win64\profiler.dll
0x0000000079f40000 - 0x0000000079f6c000 	C:\Program Files\MATLAB\R2011a\bin\win64\libmwmathrng.dll
0x00000000627e0000 - 0x0000000062800000 	C:\Program Files\MATLAB\R2011a\bin\win64\m_pcodeio.dll
0x0000000079b10000 - 0x0000000079b71000 	C:\Program Files\MATLAB\R2011a\bin\win64\m_ir.dll
0x0000000060d20000 - 0x000000006135b000 	C:\Program Files\MATLAB\R2011a\bin\win64\m_parser.dll
0x0000000062c20000 - 0x0000000062c39000 	C:\Program Files\MATLAB\R2011a\bin\win64\ir_xfmr.dll
0x0000000060ad0000 - 0x0000000060d1b000 	C:\Program Files\MATLAB\R2011a\bin\win64\mcos.dll
0x0000000071b50000 - 0x0000000071b5c000 	C:\Program Files\MATLAB\R2011a\bin\win64\mtok.dll
0x00000000627b0000 - 0x00000000627db000 	C:\Program Files\MATLAB\R2011a\bin\win64\m_pcodegen.dll
0x0000000076160000 - 0x00000000761c2000 	C:\Program Files\MATLAB\R2011a\bin\win64\libmwspmatrix.dll
0x0000000079fb0000 - 0x0000000079fde000 	C:\Program Files\MATLAB\R2011a\bin\win64\libmwbridge.dll
0x0000000060a10000 - 0x0000000060ac9000 	C:\Program Files\MATLAB\R2011a\bin\win64\udd.dll
0x00000000608c0000 - 0x0000000060a01000 	C:\Program Files\MATLAB\R2011a\bin\win64\libmwgui.dll
0x0000000062790000 - 0x00000000627a7000 	C:\Program Files\MATLAB\R2011a\bin\win64\graphics_util.dll
0x000000005e180000 - 0x000000005ea00000 	C:\Program Files\MATLAB\R2011a\bin\win64\hg.dll
0x0000000076100000 - 0x000000007614f000 	C:\Program Files\MATLAB\R2011a\bin\win64\libmat.dll
0x0000000072d30000 - 0x0000000072f33000 	C:\Program Files\MATLAB\R2011a\bin\win64\libhdf5.dll
0x000000005e100000 - 0x000000005e17b000 	C:\Program Files\MATLAB\R2011a\bin\win64\jmi.dll
0x0000000001a90000 - 0x0000000001a9e000 	C:\Program Files\MATLAB\R2011a\bin\win64\nativejava_services.dll
0x00000000623a0000 - 0x00000000623dc000 	C:\Program Files\MATLAB\R2011a\bin\win64\libmwhardcopy.dll
0x000000005e0a0000 - 0x000000005e0f8000 	C:\Program Files\MATLAB\R2011a\bin\win64\libuij.dll
0x000000005deb0000 - 0x000000005e093000 	C:\Program Files\MATLAB\R2011a\bin\win64\hgdatatypes.dll
0x000000005ddf0000 - 0x000000005deac000 	C:\Program Files\MATLAB\R2011a\bin\win64\hgutils.dll
0x000000005dd70000 - 0x000000005ddec000 	C:\Program Files\MATLAB\R2011a\bin\win64\libmwlapack.dll
0x0000000062600000 - 0x0000000062612000 	C:\Program Files\MATLAB\R2011a\bin\win64\libmwbinder.dll
0x000000006e0c0000 - 0x000000006e0cb000 	C:\Program Files\MATLAB\R2011a\bin\win64\libmwompwrapper.dll
0x0000000001b20000 - 0x0000000001de4000 	C:\Program Files\MATLAB\R2011a\bin\win64\uiw.dll
0x000000006e230000 - 0x000000006e23a000 	C:\Program Files\MATLAB\R2011a\bin\win64\uinone.dll
0x000000005d880000 - 0x000000005dd64000 	C:\Windows\WinSxS\amd64_microsoft.vc90.mfc_1fc8b3b9a1e18e3b_9.0.30729.6161_none_044aad0bab1eb146\mfc90.dll
0x000007fef9790000 - 0x000007fef9797000 	C:\Windows\system32\MSIMG32.dll
0x000007fef99d0000 - 0x000007fef9a41000 	C:\Windows\system32\WINSPOOL.DRV
0x000000005d7d0000 - 0x000000005d879000 	C:\Program Files\MATLAB\R2011a\bin\win64\udd_mi.dll
0x0000000062380000 - 0x000000006239b000 	C:\Program Files\MATLAB\R2011a\bin\win64\mwoles05.DLL
0x000000005d760000 - 0x000000005d7ce000 	C:\Program Files\MATLAB\R2011a\bin\win64\comcli.dll
0x000000006f8b0000 - 0x000000006f8df000 	C:\Windows\WinSxS\amd64_microsoft.vc90.atl_1fc8b3b9a1e18e3b_9.0.30729.6161_none_0a1fd3a3a768b895\ATL90.DLL
0x0000000062c10000 - 0x0000000062c1c000 	C:\Program Files\MATLAB\R2011a\bin\win64\mlautoregister.dll
0x0000000001e50000 - 0x0000000001e5d000 	C:\Program Files\MATLAB\R2011a\bin\win64\boost_iostreams-vc90-mt-1_40.dll
0x000007fefefb0000 - 0x000007fefefde000 	C:\Windows\system32\IMM32.DLL
0x000007fefe2d0000 - 0x000007fefe3d9000 	C:\Windows\system32\MSCTF.dll
0x000007fefb340000 - 0x000007fefb396000 	C:\Windows\system32\UxTheme.dll
0x000007fefab20000 - 0x000007fefab38000 	C:\Windows\system32\dwmapi.dll
0x0000000002200000 - 0x0000000002229000 	C:\Program Files\MATLAB\R2011a\bin\win64\tbbmalloc.dll
0x000007fefcc20000 - 0x000007fefcc2f000 	C:\Windows\system32\profapi.dll
0x000007feface0000 - 0x000007fefad07000 	C:\Windows\system32\iphlpapi.dll
0x000007fefacd0000 - 0x000007fefacdb000 	C:\Windows\system32\WINNSI.DLL
0x000007fefc2d0000 - 0x000007fefc32b000 	C:\Windows\system32\DNSAPI.dll
0x000007fefac00000 - 0x000007fefac11000 	C:\Windows\system32\dhcpcsvc6.DLL
0x000007fefab40000 - 0x000007fefab58000 	C:\Windows\system32\dhcpcsvc.DLL
0x000000006dfe0000 - 0x000000006dfe3000 	C:\Windows\system32\icmp.Dll
0x000007fefcb50000 - 0x000007fefcb5f000 	C:\Windows\system32\CRYPTBASE.dll
0x000007fefce40000 - 0x000007fefce76000 	C:\Windows\system32\CFGMGR32.dll
0x0000000078870000 - 0x0000000078ecd000 	C:\Program Files\MATLAB\R2011a\sys\java\jre\win64\jre\bin\server\jvm.dll
0x000007fef9290000 - 0x000007fef92cb000 	C:\Windows\system32\WINMM.dll
0x000000007a440000 - 0x000000007a44e000 	C:\Program Files\MATLAB\R2011a\sys\java\jre\win64\jre\bin\verify.dll
0x000000007a070000 - 0x000000007a097000 	C:\Program Files\MATLAB\R2011a\sys\java\jre\win64\jre\bin\java.dll
0x000000007a540000 - 0x000000007a54a000 	C:\Program Files\MATLAB\R2011a\sys\java\jre\win64\jre\bin\hpi.dll
0x000007fefe460000 - 0x000007fefe4f9000 	C:\Windows\system32\CLBCatQ.DLL
0x000000007a370000 - 0x000000007a382000 	C:\Program Files\MATLAB\R2011a\sys\java\jre\win64\jre\bin\zip.dll
0x0000000075b90000 - 0x0000000075bfb000 	C:\Program Files\MATLAB\R2011a\sys\java\jre\win64\jre\bin\fontmanager.dll
0x0000000073150000 - 0x0000000073311000 	C:\Program Files\MATLAB\R2011a\sys\java\jre\win64\jre\bin\awt.dll
0x0000000079cf0000 - 0x0000000079d36000 	C:\Program Files\MATLAB\R2011a\bin\win64\nativejmi.dll
0x000000007a600000 - 0x000000007a608000 	C:\Program Files\MATLAB\R2011a\bin\win64\nativeservices.dll
0x000000007a0d0000 - 0x000000007a0e8000 	C:\Program Files\MATLAB\R2011a\bin\win64\nativejava.dll
0x000007fef99b0000 - 0x000007fef99c8000 	C:\Windows\system32\MPR.dll
0x000000007a230000 - 0x000000007a247000 	C:\Program Files\MATLAB\R2011a\sys\java\jre\win64\jre\bin\net.dll
0x000007fefc450000 - 0x000007fefc4a5000 	C:\Windows\system32\mswsock.dll
0x000007fefc440000 - 0x000007fefc447000 	C:\Windows\System32\wship6.dll
0x000000007a500000 - 0x000000007a50b000 	C:\Program Files\MATLAB\R2011a\sys\java\jre\win64\jre\bin\nio.dll
0x000000007a530000 - 0x000000007a53a000 	C:\Program Files\MATLAB\R2011a\bin\win64\nativelmgr.dll

VM Arguments:
jvm_args: -Xss512k -XX:PermSize=32m -Xms64m -XX:NewRatio=3 -XX:MaxPermSize=128m -Xmx196m -XX:MaxDirectMemorySize=2147400000 -Dsun.java2d.noddraw=true -Dsun.awt.nopixfmt=true -Xshare:off -Xrs -Dsun.awt.disableMixing=true -Djava.library.path=C:\Program Files\MATLAB\R2011a\bin\win64 vfprintf abort 
java_command: <unknown>
Launcher Type: generic

Environment Variables:
PATH=C:\ProgramData\Oracle\Java\javapath;C:\Windows\system32;C:\Windows;C:\Windows\System32\Wbem;C:\Windows\System32\WindowsPowerShell\v1.0\;C:\Program Files\MATLAB\R2011a\runtime\win64;C:\Program Files\MATLAB\R2011a\bin;C:\Program Files\MiKTeX 2.9\miktex\bin\x64\
USERNAME=Martins
OS=Windows_NT
PROCESSOR_IDENTIFIER=Intel64 Family 6 Model 42 Stepping 7, GenuineIntel



---------------  S Y S T E M  ---------------

OS: Windows 7 Build 7601 Service Pack 1

CPU:total 4 (8 cores per cpu, 2 threads per core) family 6 model 42 stepping 7, cmov, cx8, fxsr, mmx, sse, sse2, sse3, ssse3, sse4.1, sse4.2, ht

Memory: 4k page, physical 4104836k(2465324k free), swap 8207828k(6393152k free)

vm_info: Java HotSpot(TM) 64-Bit Server VM (14.3-b01) for windows-amd64 JRE (1.6.0_17-b04), built on Oct 11 2009 00:46:08 by "java_re" with MS VC++ 8.0

time: Thu Jun 30 10:04:00 2016
elapsed time: 541 seconds

